2024-04-11 19:09:58,871 [Worker-7: Loading available Gradle versions] INFO  o.e.b.c.i.u.g.PublishedGradleVersions - Gradle version information cache is out-of-date. Trying to update.
2024-04-11 19:12:00,396 [Worker-28: Loading available Gradle versions] INFO  o.e.b.c.i.u.g.PublishedGradleVersions - Gradle version information cache is up-to-date. Trying to read.
2024-04-11 19:19:19,521 [Worker-7: Loading available Gradle versions] INFO  o.e.b.c.i.u.g.PublishedGradleVersions - Gradle version information cache is up-to-date. Trying to read.
2024-04-11 19:21:24,307 [Worker-29: Loading available Gradle versions] INFO  o.e.b.c.i.u.g.PublishedGradleVersions - Gradle version information cache is up-to-date. Trying to read.
2024-04-13 13:47:05,018 [Worker-2: Loading available Gradle versions] INFO  o.e.b.c.i.u.g.PublishedGradleVersions - Gradle version information cache is out-of-date. Trying to update.
2024-04-13 13:47:59,095 [Worker-7: Loading available Gradle versions] INFO  o.e.b.c.i.u.g.PublishedGradleVersions - Gradle version information cache is up-to-date. Trying to read.
2024-04-13 13:49:46,153 [Worker-8: Loading available Gradle versions] INFO  o.e.b.c.i.u.g.PublishedGradleVersions - Gradle version information cache is up-to-date. Trying to read.
2024-04-13 14:32:31,375 [Worker-38: Periodic workspace save.] ERROR o.e.m.c.i.p.r.ProjectRegistryReader - Can't write workspace state
java.io.FileNotFoundException: C:\Users\phatv\eclipse-workspace\.metadata\.plugins\org.eclipse.m2e.core\workspaceState.ser (The system cannot find the path specified)
	at java.base/java.io.FileOutputStream.open0(Native Method)
	at java.base/java.io.FileOutputStream.open(FileOutputStream.java:293)
	at java.base/java.io.FileOutputStream.<init>(FileOutputStream.java:235)
	at java.base/java.io.FileOutputStream.<init>(FileOutputStream.java:184)
	at org.eclipse.m2e.core.internal.project.registry.ProjectRegistryReader.createObjectOutputStream(ProjectRegistryReader.java:127)
	at org.eclipse.m2e.core.internal.project.registry.ProjectRegistryReader.writeWorkspaceState(ProjectRegistryReader.java:116)
	at org.eclipse.m2e.core.internal.project.registry.ProjectRegistryManager.writeWorkspaceState(ProjectRegistryManager.java:1043)
	at org.eclipse.m2e.core.internal.project.registry.ProjectRegistryManager.saving(ProjectRegistryManager.java:1194)
	at org.eclipse.core.internal.resources.SaveManager.executeLifecycle(SaveManager.java:452)
	at org.eclipse.core.internal.resources.SaveManager$1.run(SaveManager.java:268)
	at org.eclipse.core.runtime.SafeRunner.run(SafeRunner.java:47)
	at org.eclipse.core.internal.resources.SaveManager.broadcastLifecycle(SaveManager.java:271)
	at org.eclipse.core.internal.resources.SaveManager.save(SaveManager.java:1225)
	at org.eclipse.core.internal.resources.SaveManager.save(SaveManager.java:1204)
	at org.eclipse.core.internal.resources.DelayedSnapshotJob.run(DelayedSnapshotJob.java:51)
	at org.eclipse.core.internal.jobs.Worker.run(Worker.java:63)
2024-04-13 14:34:48,753 [ModalContext] ERROR o.e.m.c.i.p.r.ProjectRegistryReader - Can't write workspace state
java.io.FileNotFoundException: C:\Users\phatv\eclipse-workspace\.metadata\.plugins\org.eclipse.m2e.core\workspaceState.ser (The system cannot find the path specified)
	at java.base/java.io.FileOutputStream.open0(Native Method)
	at java.base/java.io.FileOutputStream.open(FileOutputStream.java:293)
	at java.base/java.io.FileOutputStream.<init>(FileOutputStream.java:235)
	at java.base/java.io.FileOutputStream.<init>(FileOutputStream.java:184)
	at org.eclipse.m2e.core.internal.project.registry.ProjectRegistryReader.createObjectOutputStream(ProjectRegistryReader.java:127)
	at org.eclipse.m2e.core.internal.project.registry.ProjectRegistryReader.writeWorkspaceState(ProjectRegistryReader.java:116)
	at org.eclipse.m2e.core.internal.project.registry.ProjectRegistryManager.writeWorkspaceState(ProjectRegistryManager.java:1043)
	at org.eclipse.m2e.core.internal.project.registry.ProjectRegistryManager.saving(ProjectRegistryManager.java:1194)
	at org.eclipse.core.internal.resources.SaveManager.executeLifecycle(SaveManager.java:452)
	at org.eclipse.core.internal.resources.SaveManager$1.run(SaveManager.java:268)
	at org.eclipse.core.runtime.SafeRunner.run(SafeRunner.java:47)
	at org.eclipse.core.internal.resources.SaveManager.broadcastLifecycle(SaveManager.java:271)
	at org.eclipse.core.internal.resources.SaveManager.save(SaveManager.java:1225)
	at org.eclipse.core.internal.resources.Workspace.save(Workspace.java:2489)
	at org.eclipse.ui.internal.ide.application.IDEWorkbenchAdvisor.lambda$1(IDEWorkbenchAdvisor.java:553)
	at org.eclipse.jface.operation.ModalContext$ModalContextThread.run(ModalContext.java:124)
2024-04-13 14:35:06,944 [Worker-2: Loading available Gradle versions] INFO  o.e.b.c.i.u.g.PublishedGradleVersions - Gradle version information cache is up-to-date. Trying to read.
2024-04-13 14:38:49,338 [Worker-29: C:\Users\phatv\esclipse-workspace] ERROR o.e.m.j.i.l.MavenLaunchConfigurationListener - Launch configuration Bai1 references non-existing project Lab9.
org.eclipse.core.runtime.CoreException: Launch configuration Bai1 references non-existing project Lab9.
	at org.eclipse.jdt.launching.JavaRuntime.abort(JavaRuntime.java:1862)
	at org.eclipse.jdt.launching.JavaRuntime.getJavaProject(JavaRuntime.java:1739)
	at org.eclipse.m2e.jdt.internal.launch.MavenLaunchConfigurationListener.updateLaunchConfiguration(MavenLaunchConfigurationListener.java:64)
	at org.eclipse.m2e.jdt.internal.launch.MavenLaunchConfigurationListener.launchConfigurationAdded(MavenLaunchConfigurationListener.java:45)
	at org.eclipse.debug.internal.core.LaunchManager$ConfigurationNotifier.run(LaunchManager.java:214)
	at org.eclipse.core.runtime.SafeRunner.run(SafeRunner.java:47)
	at org.eclipse.debug.internal.core.LaunchManager$ConfigurationNotifier.notify(LaunchManager.java:204)
	at org.eclipse.debug.internal.core.LaunchManager.launchConfigurationAdded(LaunchManager.java:1983)
	at org.eclipse.debug.internal.core.LaunchManager.projectOpened(LaunchManager.java:2075)
	at org.eclipse.debug.internal.core.LaunchManager$LaunchManagerVisitor.visit(LaunchManager.java:351)
	at org.eclipse.core.internal.events.ResourceDelta.accept(ResourceDelta.java:77)
	at org.eclipse.core.internal.events.ResourceDelta.accept(ResourceDelta.java:87)
	at org.eclipse.core.internal.events.ResourceDelta.accept(ResourceDelta.java:61)
	at org.eclipse.debug.internal.core.LaunchManager.resourceChanged(LaunchManager.java:2135)
	at org.eclipse.core.internal.events.NotificationManager$1.run(NotificationManager.java:321)
	at org.eclipse.core.runtime.SafeRunner.run(SafeRunner.java:47)
	at org.eclipse.core.internal.events.NotificationManager.notify(NotificationManager.java:311)
	at org.eclipse.core.internal.events.NotificationManager.broadcastChanges(NotificationManager.java:174)
	at org.eclipse.core.internal.resources.Workspace.broadcastPostChange(Workspace.java:458)
	at org.eclipse.core.internal.resources.Workspace.endOperation(Workspace.java:1586)
	at org.eclipse.core.internal.resources.Project.open(Project.java:1149)
	at org.eclipse.ui.internal.wizards.datatransfer.SmartImportJob.toExistingOrNewProject(SmartImportJob.java:546)
	at org.eclipse.ui.internal.wizards.datatransfer.SmartImportJob.run(SmartImportJob.java:199)
	at org.eclipse.core.internal.jobs.Worker.run(Worker.java:63)
2024-04-13 14:38:49,346 [Worker-29: C:\Users\phatv\esclipse-workspace] ERROR o.e.m.j.i.l.MavenLaunchConfigurationListener - Launch configuration Bai5 references non-existing project Ontap.
org.eclipse.core.runtime.CoreException: Launch configuration Bai5 references non-existing project Ontap.
	at org.eclipse.jdt.launching.JavaRuntime.abort(JavaRuntime.java:1862)
	at org.eclipse.jdt.launching.JavaRuntime.getJavaProject(JavaRuntime.java:1739)
	at org.eclipse.m2e.jdt.internal.launch.MavenLaunchConfigurationListener.updateLaunchConfiguration(MavenLaunchConfigurationListener.java:64)
	at org.eclipse.m2e.jdt.internal.launch.MavenLaunchConfigurationListener.launchConfigurationAdded(MavenLaunchConfigurationListener.java:45)
	at org.eclipse.debug.internal.core.LaunchManager$ConfigurationNotifier.run(LaunchManager.java:214)
	at org.eclipse.core.runtime.SafeRunner.run(SafeRunner.java:47)
	at org.eclipse.debug.internal.core.LaunchManager$ConfigurationNotifier.notify(LaunchManager.java:204)
	at org.eclipse.debug.internal.core.LaunchManager.launchConfigurationAdded(LaunchManager.java:1983)
	at org.eclipse.debug.internal.core.LaunchManager.projectOpened(LaunchManager.java:2075)
	at org.eclipse.debug.internal.core.LaunchManager$LaunchManagerVisitor.visit(LaunchManager.java:351)
	at org.eclipse.core.internal.events.ResourceDelta.accept(ResourceDelta.java:77)
	at org.eclipse.core.internal.events.ResourceDelta.accept(ResourceDelta.java:87)
	at org.eclipse.core.internal.events.ResourceDelta.accept(ResourceDelta.java:61)
	at org.eclipse.debug.internal.core.LaunchManager.resourceChanged(LaunchManager.java:2135)
	at org.eclipse.core.internal.events.NotificationManager$1.run(NotificationManager.java:321)
	at org.eclipse.core.runtime.SafeRunner.run(SafeRunner.java:47)
	at org.eclipse.core.internal.events.NotificationManager.notify(NotificationManager.java:311)
	at org.eclipse.core.internal.events.NotificationManager.broadcastChanges(NotificationManager.java:174)
	at org.eclipse.core.internal.resources.Workspace.broadcastPostChange(Workspace.java:458)
	at org.eclipse.core.internal.resources.Workspace.endOperation(Workspace.java:1586)
	at org.eclipse.core.internal.resources.Project.open(Project.java:1149)
	at org.eclipse.ui.internal.wizards.datatransfer.SmartImportJob.toExistingOrNewProject(SmartImportJob.java:546)
	at org.eclipse.ui.internal.wizards.datatransfer.SmartImportJob.run(SmartImportJob.java:199)
	at org.eclipse.core.internal.jobs.Worker.run(Worker.java:63)
2024-04-13 14:38:49,348 [Worker-29: C:\Users\phatv\esclipse-workspace] ERROR o.e.m.j.i.l.MavenLaunchConfigurationListener - Launch configuration ontap references non-existing project Ontap.
org.eclipse.core.runtime.CoreException: Launch configuration ontap references non-existing project Ontap.
	at org.eclipse.jdt.launching.JavaRuntime.abort(JavaRuntime.java:1862)
	at org.eclipse.jdt.launching.JavaRuntime.getJavaProject(JavaRuntime.java:1739)
	at org.eclipse.m2e.jdt.internal.launch.MavenLaunchConfigurationListener.updateLaunchConfiguration(MavenLaunchConfigurationListener.java:64)
	at org.eclipse.m2e.jdt.internal.launch.MavenLaunchConfigurationListener.launchConfigurationAdded(MavenLaunchConfigurationListener.java:45)
	at org.eclipse.debug.internal.core.LaunchManager$ConfigurationNotifier.run(LaunchManager.java:214)
	at org.eclipse.core.runtime.SafeRunner.run(SafeRunner.java:47)
	at org.eclipse.debug.internal.core.LaunchManager$ConfigurationNotifier.notify(LaunchManager.java:204)
	at org.eclipse.debug.internal.core.LaunchManager.launchConfigurationAdded(LaunchManager.java:1983)
	at org.eclipse.debug.internal.core.LaunchManager.projectOpened(LaunchManager.java:2075)
	at org.eclipse.debug.internal.core.LaunchManager$LaunchManagerVisitor.visit(LaunchManager.java:351)
	at org.eclipse.core.internal.events.ResourceDelta.accept(ResourceDelta.java:77)
	at org.eclipse.core.internal.events.ResourceDelta.accept(ResourceDelta.java:87)
	at org.eclipse.core.internal.events.ResourceDelta.accept(ResourceDelta.java:61)
	at org.eclipse.debug.internal.core.LaunchManager.resourceChanged(LaunchManager.java:2135)
	at org.eclipse.core.internal.events.NotificationManager$1.run(NotificationManager.java:321)
	at org.eclipse.core.runtime.SafeRunner.run(SafeRunner.java:47)
	at org.eclipse.core.internal.events.NotificationManager.notify(NotificationManager.java:311)
	at org.eclipse.core.internal.events.NotificationManager.broadcastChanges(NotificationManager.java:174)
	at org.eclipse.core.internal.resources.Workspace.broadcastPostChange(Workspace.java:458)
	at org.eclipse.core.internal.resources.Workspace.endOperation(Workspace.java:1586)
	at org.eclipse.core.internal.resources.Project.open(Project.java:1149)
	at org.eclipse.ui.internal.wizards.datatransfer.SmartImportJob.toExistingOrNewProject(SmartImportJob.java:546)
	at org.eclipse.ui.internal.wizards.datatransfer.SmartImportJob.run(SmartImportJob.java:199)
	at org.eclipse.core.internal.jobs.Worker.run(Worker.java:63)
2024-04-13 15:05:56,826 [Worker-4: Loading available Gradle versions] INFO  o.e.b.c.i.u.g.PublishedGradleVersions - Gradle version information cache is up-to-date. Trying to read.
2024-04-13 17:00:54,894 [Worker-7: Loading available Gradle versions] INFO  o.e.b.c.i.u.g.PublishedGradleVersions - Gradle version information cache is up-to-date. Trying to read.
2024-04-13 17:01:49,422 [Worker-4: Loading available Gradle versions] INFO  o.e.b.c.i.u.g.PublishedGradleVersions - Gradle version information cache is up-to-date. Trying to read.
2024-04-13 17:21:52,536 [Worker-6: Loading available Gradle versions] INFO  o.e.b.c.i.u.g.PublishedGradleVersions - Gradle version information cache is up-to-date. Trying to read.
2024-04-13 18:18:00,065 [Worker-1: Loading available Gradle versions] INFO  o.e.b.c.i.u.g.PublishedGradleVersions - Gradle version information cache is up-to-date. Trying to read.
2024-04-16 20:21:36,389 [Worker-7: Loading available Gradle versions] INFO  o.e.b.c.i.u.g.PublishedGradleVersions - Gradle version information cache is out-of-date. Trying to update.
2024-04-16 20:49:21,186 [Worker-2: Loading available Gradle versions] INFO  o.e.b.c.i.u.g.PublishedGradleVersions - Gradle version information cache is up-to-date. Trying to read.
2024-04-16 20:52:29,180 [Worker-4: Loading available Gradle versions] INFO  o.e.b.c.i.u.g.PublishedGradleVersions - Gradle version information cache is up-to-date. Trying to read.
2024-04-16 21:24:04,805 [Worker-11: Loading available Gradle versions] INFO  o.e.b.c.i.u.g.PublishedGradleVersions - Gradle version information cache is up-to-date. Trying to read.
